E:\dOry_2\Dory\Dory\Debug\cl.command.1.tlog
E:\dOry_2\Dory\Dory\Debug\CL.read.1.tlog
E:\dOry_2\Dory\Dory\Debug\CL.write.1.tlog
E:\dOry_2\Dory\Dory\Debug\custombuild.command.1.tlog
E:\dOry_2\Dory\Dory\Debug\custombuild.read.1.tlog
E:\dOry_2\Dory\Dory\Debug\custombuild.write.1.tlog
E:\DORY_2\DORY\DORY\DEBUG\DORY.RES
E:\dOry_2\Dory\Dory\Debug\Dory.write.1.tlog
E:\dOry_2\Dory\Dory\Debug\link.command.1.tlog
E:\dOry_2\Dory\Dory\Debug\link.read.1.tlog
E:\dOry_2\Dory\Dory\Debug\link.write.1.tlog
E:\DORY_2\DORY\DORY\DEBUG\MAIN.OBJ
E:\DORY_2\DORY\DORY\DEBUG\MOC_TINTERFACE.OBJ
E:\DORY_2\DORY\DORY\DEBUG\MOC_TUICHART.OBJ
E:\DORY_2\DORY\DORY\DEBUG\MOC_TUIMAINWINDOW.OBJ
E:\DORY_2\DORY\DORY\DEBUG\MOC_TUISERIAL.OBJ
E:\DORY_2\DORY\DORY\DEBUG\MOC_TUITITLEWIDGET.OBJ
E:\DORY_2\DORY\DORY\DEBUG\MOC_TUITOAL.OBJ
E:\DORY_2\DORY\DORY\DEBUG\MOC_TUITOOLBUTTON.OBJ
E:\DORY_2\DORY\DORY\DEBUG\QRC_DORY.OBJ
E:\dOry_2\Dory\Dory\Debug\rc.command.1.tlog
E:\dOry_2\Dory\Dory\Debug\rc.read.1.tlog
E:\dOry_2\Dory\Dory\Debug\rc.write.1.tlog
E:\DORY_2\DORY\DORY\DEBUG\TCUSTOMMODEL.OBJ
E:\DORY_2\DORY\DORY\DEBUG\TINTERFACE.OBJ
E:\DORY_2\DORY\DORY\DEBUG\TUICHART.OBJ
E:\DORY_2\DORY\DORY\DEBUG\TUIMAINWINDOW.OBJ
E:\DORY_2\DORY\DORY\DEBUG\TUIRESOURCE.OBJ
E:\DORY_2\DORY\DORY\DEBUG\TUISERIAL.OBJ
E:\DORY_2\DORY\DORY\DEBUG\TUITITLEWIDGET.OBJ
E:\DORY_2\DORY\DORY\DEBUG\TUITOAL.OBJ
E:\DORY_2\DORY\DORY\DEBUG\TUITOOLBUTTON.OBJ
E:\DORY_2\DORY\DORY\DEBUG\VC100.PDB
E:\DORY_2\DORY\DORY\GENERATEDFILES\DEBUG\MOC_TINTERFACE.CPP
E:\DORY_2\DORY\DORY\GENERATEDFILES\DEBUG\MOC_TUICHART.CPP
E:\DORY_2\DORY\DORY\GENERATEDFILES\DEBUG\MOC_TUIMAINWINDOW.CPP
E:\DORY_2\DORY\DORY\GENERATEDFILES\DEBUG\MOC_TUISERIAL.CPP
E:\DORY_2\DORY\DORY\GENERATEDFILES\DEBUG\MOC_TUITITLEWIDGET.CPP
E:\DORY_2\DORY\DORY\GENERATEDFILES\DEBUG\MOC_TUITOAL.CPP
E:\DORY_2\DORY\DORY\GENERATEDFILES\DEBUG\MOC_TUITOOLBUTTON.CPP
E:\DORY_2\DORY\DORY\GENERATEDFILES\QRC_DORY.CPP
